<?xml version="1.0" encoding="UTF-8"?>
<!-- Generated by org.testng.reporters.JUnitXMLReporter -->
<testsuite hostname="Sufians-MacBook-Pro.local" name="Test" tests="2" failures="0" timestamp="23 May 2021 18:38:46 GMT" time="0.054" errors="0">
  <testcase name="@BeforeMethod initialize" time="0.0" classname="Docker.Docker.parallelOneTest">
    <failure type="java.net.MalformedURLException" message="no protocol: 127.0.0.1:4444/wd/hub">
      <![CDATA[java.net.MalformedURLException: no protocol: 127.0.0.1:4444/wd/hub
	at java.net.URL.<init>(URL.java:593)
	at java.net.URL.<init>(URL.java:490)
	at java.net.URL.<init>(URL.java:439)
	at Docker.Docker.parallelOneTest.initialize(parallelOneTest.java:31)
	at java.util.concurrent.ThreadPoolExecutor.runWorker(ThreadPoolExecutor.java:1142)
	at java.util.concurrent.ThreadPoolExecutor$Worker.run(ThreadPoolExecutor.java:617)
	at java.lang.Thread.run(Thread.java:748)
... Removed 12 stack frames]]>
    </failure>
  </testcase> <!-- @BeforeMethod initialize -->
  <testcase name="@BeforeMethod initialize" time="0.0" classname="Docker.Docker.parallelOneTest">
    <failure type="java.net.MalformedURLException" message="no protocol: 127.0.0.1:4444/wd/hub">
      <![CDATA[java.net.MalformedURLException: no protocol: 127.0.0.1:4444/wd/hub
	at java.net.URL.<init>(URL.java:593)
	at java.net.URL.<init>(URL.java:490)
	at java.net.URL.<init>(URL.java:439)
	at Docker.Docker.parallelOneTest.initialize(parallelOneTest.java:31)
	at java.util.concurrent.ThreadPoolExecutor.runWorker(ThreadPoolExecutor.java:1142)
	at java.util.concurrent.ThreadPoolExecutor$Worker.run(ThreadPoolExecutor.java:617)
	at java.lang.Thread.run(Thread.java:748)
... Removed 12 stack frames]]>
    </failure>
  </testcase> <!-- @BeforeMethod initialize -->
  <testcase name="@AfterMethod teardown" time="0.0" classname="Docker.Docker.parallelOneTest">
    <skipped/>
  </testcase> <!-- @AfterMethod teardown -->
  <testcase name="@AfterMethod teardown" time="0.0" classname="Docker.Docker.parallelOneTest">
    <skipped/>
  </testcase> <!-- @AfterMethod teardown -->
  <testcase name="parallelOne" time="0.0" classname="Docker.Docker.parallelOneTest">
    <skipped/>
  </testcase> <!-- parallelOne -->
  <testcase name="paralleltwo" time="0.0" classname="Docker.Docker.parallelOneTest">
    <skipped/>
  </testcase> <!-- paralleltwo -->
</testsuite> <!-- Test -->
