<?xml version="1.0" encoding="UTF-8"?>
<testsuite xmlns:xsi="http://www.w3.org/2001/XMLSchema-instance" xsi:noNamespaceSchemaLocation="https://maven.apache.org/surefire/maven-surefire-plugin/xsd/surefire-test-report.xsd" name="TestSuite" time="1.084" tests="6" errors="0" skipped="4" failures="2">
  <properties>
[...]
</properties>
  <testcase name="initialize" classname="Docker.Docker.parallelOneTest" time="0.791">
    <failure message="no protocol: 127.0.0.1:4444/wd/hub" type="java.net.MalformedURLException">java.net.MalformedURLException: no protocol: 127.0.0.1:4444/wd/hub
	at Docker.Docker.parallelOneTest.initialize(parallelOneTest.java:31)
</failure>
    <system-err><![CDATA[May 23, 2021 8:38:46 PM org.openqa.selenium.remote.DesiredCapabilities chrome
INFO: Using `new ChromeOptions()` is preferred to `DesiredCapabilities.chrome()`
]]></system-err>
  </testcase>
  <testcase name="initialize" classname="Docker.Docker.parallelOneTest" time="0.792">
    <failure message="no protocol: 127.0.0.1:4444/wd/hub" type="java.net.MalformedURLException">java.net.MalformedURLException: no protocol: 127.0.0.1:4444/wd/hub
	at Docker.Docker.parallelOneTest.initialize(parallelOneTest.java:31)
</failure>
  </testcase>
  <testcase name="parallelOne" classname="Docker.Docker.parallelOneTest" time="0">
    <skipped/>
  </testcase>
  <testcase name="paralleltwo" classname="Docker.Docker.parallelOneTest" time="0">
    <skipped/>
  </testcase>
  <testcase name="teardown" classname="Docker.Docker.parallelOneTest" time="0">
    <skipped/>
  </testcase>
  <testcase name="teardown" classname="Docker.Docker.parallelOneTest" time="0">
    <skipped/>
  </testcase>
</testsuite>