<?xml version="1.0" encoding="UTF-8"?>
<testng-results skipped="0" failed="0" total="2" passed="2">
  <reporter-output>
  </reporter-output>
  <suite name="Suite" duration-ms="14251" started-at="2021-05-23T18:04:49Z" finished-at="2021-05-23T18:05:04Z">
    <groups>
    </groups>
    <test name="Test" duration-ms="14251" started-at="2021-05-23T18:04:49Z" finished-at="2021-05-23T18:05:04Z">
      <class name="Docker.Docker.parallelOneTest">
        <test-method status="PASS" signature="initialize()[pri:0, instance:Docker.Docker.parallelOneTest@2c34f934]" name="initialize" is-config="true" duration-ms="5121" started-at="2021-05-23T20:04:50Z" finished-at="2021-05-23T20:04:55Z">
          <reporter-output>
          </reporter-output>
        </test-method> <!-- initialize -->
        <test-method status="PASS" signature="initialize()[pri:0, instance:Docker.Docker.parallelOneTest@2c34f934]" name="initialize" is-config="true" duration-ms="5116" started-at="2021-05-23T20:04:50Z" finished-at="2021-05-23T20:04:55Z">
          <reporter-output>
          </reporter-output>
        </test-method> <!-- initialize -->
        <test-method status="PASS" signature="paralleltwo()[pri:0, instance:Docker.Docker.parallelOneTest@2c34f934]" name="paralleltwo" duration-ms="6125" started-at="2021-05-23T20:04:55Z" finished-at="2021-05-23T20:05:01Z">
          <reporter-output>
          </reporter-output>
        </test-method> <!-- paralleltwo -->
        <test-method status="PASS" signature="parallelOne()[pri:0, instance:Docker.Docker.parallelOneTest@2c34f934]" name="parallelOne" duration-ms="8772" started-at="2021-05-23T20:04:55Z" finished-at="2021-05-23T20:05:03Z">
          <reporter-output>
          </reporter-output>
        </test-method> <!-- parallelOne -->
        <test-method status="PASS" signature="teardown()[pri:0, instance:Docker.Docker.parallelOneTest@2c34f934]" name="teardown" is-config="true" duration-ms="283" started-at="2021-05-23T20:05:01Z" finished-at="2021-05-23T20:05:01Z">
          <reporter-output>
          </reporter-output>
        </test-method> <!-- teardown -->
        <test-method status="PASS" signature="teardown()[pri:0, instance:Docker.Docker.parallelOneTest@2c34f934]" name="teardown" is-config="true" duration-ms="300" started-at="2021-05-23T20:05:03Z" finished-at="2021-05-23T20:05:04Z">
          <reporter-output>
          </reporter-output>
        </test-method> <!-- teardown -->
      </class> <!-- Docker.Docker.parallelOneTest -->
    </test> <!-- Test -->
  </suite> <!-- Suite -->
</testng-results>
